Configuration {
    kind: "configuration",
    wordlist: "/usr/share/dirb/wordlists/big.txt",
    config: "/etc/feroxbuster/ferox-config.toml",
    proxy: "",
    replay_proxy: "",
    server_certs: [],
    client_cert: "",
    client_key: "",
    target_url: "http://10.64.135.121:5000/cupids_secret_vault",
    status_codes: [
        100,
        101,
        102,
        200,
        201,
        202,
        203,
        204,
        205,
        206,
        207,
        208,
        226,
        300,
        301,
        302,
        303,
        304,
        305,
        307,
        308,
        400,
        401,
        402,
        403,
        404,
        405,
        406,
        407,
        408,
        409,
        410,
        411,
        412,
        413,
        414,
        415,
        416,
        417,
        418,
        421,
        422,
        423,
        424,
        426,
        428,
        429,
        431,
        451,
        500,
        501,
        502,
        503,
        504,
        505,
        506,
        507,
        508,
        510,
        511,
        103,
        425,
    ],
    replay_codes: [
        100,
        101,
        102,
        200,
        201,
        202,
        203,
        204,
        205,
        206,
        207,
        208,
        226,
        300,
        301,
        302,
        303,
        304,
        305,
        307,
        308,
        400,
        401,
        402,
        403,
        404,
        405,
        406,
        407,
        408,
        409,
        410,
        411,
        412,
        413,
        414,
        415,
        416,
        417,
        418,
        421,
        422,
        423,
        424,
        426,
        428,
        429,
        431,
        451,
        500,
        501,
        502,
        503,
        504,
        505,
        506,
        507,
        508,
        510,
        511,
        103,
        425,
    ],
    filter_status: [],
    client: Client {
        accepts: Accepts,
        proxies: [
            Matcher,
        ],
        redirect_policy: "Policy(None)",
        referer: true,
        default_headers: {
            "accept": "*/*",
            "user-agent": "feroxbuster/2.13.1",
        },
        reqwest::config::RequestTimeout: 7s,
    },
    replay_client: None,
    threads: 50,
    timeout: 7,
    verbosity: 0,
    silent: false,
    quiet: false,
    output_level: Default,
    auto_bail: false,
    auto_tune: false,
    requester_policy: Default,
    json: false,
    output: "feroxbuster.out",
    debug_log: "",
    user_agent: "feroxbuster/2.13.1",
    random_agent: false,
    redirects: false,
    insecure: false,
    extensions: [
        "php",
        "py",
        "txt",
        "html",
        "htm",
        "js",
        "aspx",
        "conf",
    ],
    methods: [
        "GET",
    ],
    data: [],
    headers: {},
    queries: [],
    no_recursion: false,
    extract_links: true,
    add_slash: false,
    stdin: false,
    cached_stdin: [],
    depth: 4,
    scan_limit: 2,
    parallel: 0,
    rate_limit: 0,
    filter_size: [],
    filter_line_count: [],
    filter_word_count: [],
    filter_regex: [],
    dont_filter: false,
    resumed: false,
    resume_from: "",
    save_state: true,
    time_limit: "",
    filter_similar: [],
    url_denylist: [],
    regex_denylist: [],
    scope: [
        Url {
            scheme: "http",
            cannot_be_a_base: false,
            username: "",
            password: None,
            host: Some(
                Ipv4(
                    10.64.135.121,
                ),
            ),
            port: Some(
                5000,
            ),
            path: "/cupids_secret_vault",
            query: None,
            fragment: None,
        },
    ],
    collect_extensions: false,
    dont_collect: [
        "woff2",
        "woff",
        "ttf",
        "otf",
        "eot",
        "tif",
        "tiff",
        "ico",
        "cur",
        "bmp",
        "webp",
        "svg",
        "png",
        "jpg",
        "jpeg",
        "jfif",
        "gif",
        "avif",
        "apng",
        "pjpeg",
        "pjp",
        "mov",
        "wav",
        "mpg",
        "mpeg",
        "mp3",
        "mp4",
        "m4a",
        "m4p",
        "m4v",
        "ogg",
        "webm",
        "ogv",
        "oga",
        "flac",
        "aac",
        "3gp",
        "css",
        "zip",
        "xls",
        "xml",
        "gz",
        "tgz",
    ],
    collect_backups: false,
    backup_extensions: [
        "~",
        ".bak",
        ".bak2",
        ".old",
        ".1",
    ],
    collect_words: false,
    force_recursion: false,
    update_app: false,
    scan_dir_listings: false,
    request_file: "",
    protocol: "https",
    limit_bars: 0,
    unique: false,
    response_size_limit: 4194304,
}
308      GET        5l       22w      279c http://10.64.135.121:5000/cupids_secret_vault => http://10.64.135.121:5000/cupids_secret_vault/
200      GET       90l      179w     2381c http://10.64.135.121:5000/cupids_secret_vault/administrator
